<?xml version="1.0" encoding="UTF-8"?>
<testng-results ignored="0" total="1" passed="1" failed="0" skipped="0">
  <reporter-output>
  </reporter-output>
  <suite started-at="2024-11-15T13:26:30 CST" name="Suite" finished-at="2024-11-15T13:26:33 CST" duration-ms="2967">
    <groups>
    </groups>
    <test started-at="2024-11-15T13:26:30 CST" name="Test" finished-at="2024-11-15T13:26:33 CST" duration-ms="2967">
      <class name="defaultPackage.GoogleTest">
        <test-method is-config="true" signature="setup()[pri:0, instance:defaultPackage.GoogleTest@7c7b252e]" started-at="2024-11-15T13:26:30 CST" name="setup" finished-at="2024-11-15T13:26:31 CST" duration-ms="1378" status="PASS">
          <reporter-output>
          </reporter-output>
        </test-method> <!-- setup -->
        <test-method signature="pruebaGoogle()[pri:0, instance:defaultPackage.GoogleTest@7c7b252e]" started-at="2024-11-15T13:26:31 CST" name="pruebaGoogle" finished-at="2024-11-15T13:26:32 CST" duration-ms="974" status="PASS">
          <reporter-output>
          </reporter-output>
        </test-method> <!-- pruebaGoogle -->
        <test-method is-config="true" signature="tearDown()[pri:0, instance:defaultPackage.GoogleTest@7c7b252e]" started-at="2024-11-15T13:26:32 CST" name="tearDown" finished-at="2024-11-15T13:26:33 CST" duration-ms="580" status="PASS">
          <reporter-output>
          </reporter-output>
        </test-method> <!-- tearDown -->
        <test-method is-config="true" signature="tearDown()[pri:0, instance:defaultPackage.GoogleTest@7c7b252e]" started-at="2024-11-15T13:26:33 CST" name="tearDown" finished-at="2024-11-15T13:26:33 CST" duration-ms="15" status="PASS">
          <reporter-output>
          </reporter-output>
        </test-method> <!-- tearDown -->
      </class> <!-- defaultPackage.GoogleTest -->
    </test> <!-- Test -->
  </suite> <!-- Suite -->
</testng-results>
